<?xml version="1.0" encoding="UTF-8"?>
<testsuite xmlns:xsi="http://www.w3.org/2001/XMLSchema-instance" xsi:noNamespaceSchemaLocation="https://maven.apache.org/surefire/maven-surefire-plugin/xsd/surefire-test-report.xsd" name="StringOperationsTest" time="0.089" tests="24" errors="0" skipped="0" failures="0">
  <properties>
[...]
</properties>
  <testcase name="testConcatWithLettersAndNumbers" classname="StringOperationsTest" time="0.039"/>
  <testcase name="testReverseWithEmptyString" classname="StringOperationsTest" time="0.002"/>
  <testcase name="testConcatWithOnlySmallLetters" classname="StringOperationsTest" time="0.002"/>
  <testcase name="testPalindromeWithNotValidString" classname="StringOperationsTest" time="0.003"/>
  <testcase name="testPalindromeWithEmptyString" classname="StringOperationsTest" time="0"/>
  <testcase name="testPalindromeWithNull" classname="StringOperationsTest" time="0"/>
  <testcase name="testConcatWithFirstValueNull" classname="StringOperationsTest" time="0.001"/>
  <testcase name="testConcatWithOnlySpecialCharacters" classname="StringOperationsTest" time="0.001"/>
  <testcase name="testConcatWithLettersAndSpecialCharacters" classname="StringOperationsTest" time="0"/>
  <testcase name="testPalindromeWithSmallAndCapitalLettersAndNumbers" classname="StringOperationsTest" time="0.001"/>
  <testcase name="testReverseWithSmallLetters" classname="StringOperationsTest" time="0.001"/>
  <testcase name="testReverseWithSmallLettersAndNumbersAndSpaces" classname="StringOperationsTest" time="0"/>
  <testcase name="testConcatWithSecondValueNull" classname="StringOperationsTest" time="0.001"/>
  <testcase name="testReverseWithSmallLettersAndNumbers" classname="StringOperationsTest" time="0.001"/>
  <testcase name="testConcatWithSmallAndCapitalLetters" classname="StringOperationsTest" time="0.001"/>
  <testcase name="testConcatWithFirstValueNullAndSecondValueNull" classname="StringOperationsTest" time="0.003"/>
  <testcase name="testConcatWithOnlyCapitalLetters" classname="StringOperationsTest" time="0"/>
  <testcase name="testPalindromeWithSmallAndCapitalLetters" classname="StringOperationsTest" time="0.001"/>
  <testcase name="testReverseWithSmallAndBigLetters" classname="StringOperationsTest" time="0.001"/>
  <testcase name="testConcatWithOnlyNumbers" classname="StringOperationsTest" time="0"/>
  <testcase name="testPalindromeWithOnlyCapitalLetters" classname="StringOperationsTest" time="0"/>
  <testcase name="testReverseWithNull" classname="StringOperationsTest" time="0.001"/>
  <testcase name="testPalindromeWithOnlySmallLetters" classname="StringOperationsTest" time="0.001"/>
  <testcase name="testReverseWithSmallLettersAndNumbersAndSpacesAndSpecialCharacters" classname="StringOperationsTest" time="0.001"/>
</testsuite>